#! /usr/bin/vvp
:ivl_version "0.9.5 " "(v0_9_5)";
:vpi_time_precision + 0;
:vpi_module "system";
:vpi_module "v2005_math";
:vpi_module "va_math";
S_0x8283a0 .scope module, "root488398" "root488398" 2 1;
 .timescale 0 0;
L_0x862da0 .functor BUFZ 1, v0x861bf0_0, C4<0>, C4<0>, C4<0>;
L_0x863a20 .functor AND 1, v0x861540_0, v0x860f00_0, C4<1>, C4<1>;
L_0x863b70 .functor BUFZ 1, C4<z>, C4<0>, C4<0>, C4<0>;
L_0x863c20 .functor BUFZ 1, v0x8607e0_0, C4<0>, C4<0>, C4<0>;
L_0x863d20 .functor BUFZ 1, C4<z>, C4<0>, C4<0>, C4<0>;
L_0x863e20 .functor BUFZ 1, v0x8623a0_0, C4<0>, C4<0>, C4<0>;
L_0x863ed0 .functor BUFZ 16, C4<zzzzzzzzzzzzzzzz>, C4<0000000000000000>, C4<0000000000000000>, C4<0000000000000000>;
v0x862810_0 .net "CLK", 0 0, C4<z>; 0 drivers
v0x8628b0_0 .net "RD", 0 0, L_0x863e20; 1 drivers
v0x862950_0 .net "RES", 15 0, C4<zzzzzzzzzzzzzzzz>; 0 drivers
v0x8629f0_0 .net "RST", 0 0, C4<z>; 0 drivers
v0x862a70_0 .net "ST", 0 0, C4<z>; 0 drivers
v0x862af0_0 .net "node331770_in0", 15 0, C4<zzzzzzzzzzzzzzzz>; 0 drivers
v0x862b70_0 .net "node331770_rd", 0 0, v0x8607e0_0; 1 drivers
v0x862c20_0 .net "node331770_res", 15 0, v0x860880_0; 1 drivers
v0x862ca0_0 .net "node331770_st", 0 0, L_0x863d20; 1 drivers
v0x862d20_0 .net "node433774_in0", 15 0, C4<zzzzzzzzzzzzzzzz>; 0 drivers
v0x862e30_0 .net "node433774_rd", 0 0, v0x861540_0; 1 drivers
v0x862ee0_0 .net "node433774_res", 15 0, v0x8615e0_0; 1 drivers
v0x862fd0_0 .net "node433774_st", 0 0, L_0x863b70; 1 drivers
v0x863050_0 .net "node488398_in0", 15 0, C4<zzzzzzzzzzzzzzzz>; 0 drivers
v0x863180_0 .net "node488398_in2", 15 0, C4<zzzzzzzzzzzzzzzz>; 0 drivers
v0x863230_0 .net "node488398_rd", 0 0, v0x8623a0_0; 1 drivers
RS_0x7fe1d2ae3558 .resolv tri, v0x862420_0, L_0x863ed0, C4<zzzzzzzzzzzzzzzz>, C4<zzzzzzzzzzzzzzzz>;
v0x8630d0_0 .net8 "node488398_res", 15 0, RS_0x7fe1d2ae3558; 2 drivers
v0x8633a0_0 .net "node488398_st", 0 0, L_0x862da0; 1 drivers
v0x8634c0_0 .net "node665112_in1", 15 0, C4<zzzzzzzzzzzzzzzz>; 0 drivers
v0x863540_0 .net "node665112_rd", 0 0, v0x860f00_0; 1 drivers
v0x863420_0 .net "node665112_res", 15 0, v0x860fb0_0; 1 drivers
v0x8636c0_0 .net "node665112_st", 0 0, L_0x863c20; 1 drivers
v0x8635c0_0 .net "node941055_rd", 0 0, v0x861bf0_0; 1 drivers
v0x863800_0 .net "node941055_res", 15 0, v0x861ca0_0; 1 drivers
v0x863950_0 .net "node941055_st", 0 0, L_0x863a20; 1 drivers
S_0x861fb0 .scope module, "n488398" "node488398" 2 39, 3 1, S_0x8283a0;
 .timescale 0 0;
v0x8620a0_0 .alias "CLK", 0 0, v0x862810_0;
v0x8621d0_0 .alias "IN0", 15 0, v0x863050_0;
v0x862270_0 .alias "IN1", 15 0, v0x863800_0;
v0x8622f0_0 .alias "IN2", 15 0, v0x863180_0;
v0x8623a0_0 .var "RD", 0 0;
v0x862420_0 .var "RES", 15 0;
v0x8624c0_0 .var "RF", 0 0;
v0x862560_0 .alias "RST", 0 0, v0x8629f0_0;
v0x862670_0 .alias "ST", 0 0, v0x8633a0_0;
v0x862710_0 .var "STold", 0 0;
S_0x861960 .scope module, "n941055" "node941055" 2 40, 4 1, S_0x8283a0;
 .timescale 0 0;
v0x861a50_0 .alias "CLK", 0 0, v0x862810_0;
v0x861af0_0 .alias "IN0", 15 0, v0x862ee0_0;
v0x861b70_0 .alias "IN1", 15 0, v0x863420_0;
v0x861bf0_0 .var "RD", 0 0;
v0x861ca0_0 .var "RES", 15 0;
v0x861d20_0 .var "RF", 0 0;
v0x861da0_0 .alias "RST", 0 0, v0x8629f0_0;
v0x861e20_0 .alias "ST", 0 0, v0x863950_0;
v0x861f10_0 .var "STold", 0 0;
S_0x8612c0 .scope module, "n433774" "node433774" 2 41, 5 1, S_0x8283a0;
 .timescale 0 0;
v0x8613b0_0 .alias "CLK", 0 0, v0x862810_0;
v0x8614a0_0 .alias "IN0", 15 0, v0x862d20_0;
v0x861540_0 .var "RD", 0 0;
v0x8615e0_0 .var "RES", 15 0;
v0x861660_0 .var "RF", 0 0;
v0x861700_0 .alias "RST", 0 0, v0x8629f0_0;
v0x8617d0_0 .alias "ST", 0 0, v0x862fd0_0;
v0x861870_0 .var "STold", 0 0;
S_0x860c40 .scope module, "n665112" "node665112" 2 42, 6 1, S_0x8283a0;
 .timescale 0 0;
v0x860d30_0 .alias "CLK", 0 0, v0x862810_0;
v0x860dd0_0 .alias "IN0", 15 0, v0x862c20_0;
v0x860e80_0 .alias "IN1", 15 0, v0x8634c0_0;
v0x860f00_0 .var "RD", 0 0;
v0x860fb0_0 .var "RES", 15 0;
v0x861030_0 .var "RF", 0 0;
v0x8610d0_0 .alias "RST", 0 0, v0x8629f0_0;
v0x861150_0 .alias "ST", 0 0, v0x8636c0_0;
v0x861220_0 .var "STold", 0 0;
S_0x828050 .scope module, "n331770" "node331770" 2 43, 7 1, S_0x8283a0;
 .timescale 0 0;
v0x828210_0 .alias "CLK", 0 0, v0x862810_0;
v0x860740_0 .alias "IN0", 15 0, v0x862af0_0;
v0x8607e0_0 .var "RD", 0 0;
v0x860880_0 .var "RES", 15 0;
v0x860930_0 .var "RF", 0 0;
v0x8609d0_0 .alias "RST", 0 0, v0x8629f0_0;
v0x860ab0_0 .alias "ST", 0 0, v0x862ca0_0;
v0x860b50_0 .var "STold", 0 0;
E_0x828b20 .event posedge, v0x828210_0;
    .scope S_0x861fb0;
T_0 ;
    %wait E_0x828b20;
    %load/v 8, v0x862560_0, 1;
    %mov 9, 0, 2;
    %cmpi/u 8, 1, 3;
    %jmp/0xz  T_0.0, 4;
    %set/v v0x8623a0_0, 1, 1;
    %jmp T_0.1;
T_0.0 ;
    %load/v 8, v0x8624c0_0, 1;
    %mov 9, 0, 2;
    %cmpi/u 8, 1, 3;
    %jmp/0xz  T_0.2, 4;
    %set/v v0x8623a0_0, 1, 1;
T_0.2 ;
    %load/v 8, v0x8624c0_0, 1;
    %mov 9, 0, 1;
    %cmpi/u 8, 0, 2;
    %jmp/0xz  T_0.4, 4;
    %set/v v0x862420_0, 0, 16;
    %set/v v0x8624c0_0, 1, 1;
T_0.4 ;
    %load/v 8, v0x862670_0, 1;
    %mov 9, 0, 2;
    %cmpi/u 8, 1, 3;
    %mov 8, 4, 1;
    %load/v 9, v0x862710_0, 1;
    %mov 10, 0, 1;
    %cmpi/u 9, 0, 2;
    %mov 9, 4, 1;
    %and 8, 9, 1;
    %jmp/0xz  T_0.6, 8;
    %set/v v0x8623a0_0, 0, 1;
    %set/v v0x8624c0_0, 0, 1;
T_0.6 ;
T_0.1 ;
    %load/v 8, v0x862670_0, 1;
    %set/v v0x862710_0, 8, 1;
    %jmp T_0;
    .thread T_0;
    .scope S_0x861960;
T_1 ;
    %wait E_0x828b20;
    %load/v 8, v0x861da0_0, 1;
    %mov 9, 0, 2;
    %cmpi/u 8, 1, 3;
    %jmp/0xz  T_1.0, 4;
    %set/v v0x861bf0_0, 1, 1;
    %jmp T_1.1;
T_1.0 ;
    %load/v 8, v0x861d20_0, 1;
    %mov 9, 0, 2;
    %cmpi/u 8, 1, 3;
    %jmp/0xz  T_1.2, 4;
    %set/v v0x861bf0_0, 1, 1;
T_1.2 ;
    %load/v 8, v0x861d20_0, 1;
    %mov 9, 0, 1;
    %cmpi/u 8, 0, 2;
    %jmp/0xz  T_1.4, 4;
    %set/v v0x861ca0_0, 0, 16;
    %set/v v0x861d20_0, 1, 1;
T_1.4 ;
    %load/v 8, v0x861e20_0, 1;
    %mov 9, 0, 2;
    %cmpi/u 8, 1, 3;
    %mov 8, 4, 1;
    %load/v 9, v0x861f10_0, 1;
    %mov 10, 0, 1;
    %cmpi/u 9, 0, 2;
    %mov 9, 4, 1;
    %and 8, 9, 1;
    %jmp/0xz  T_1.6, 8;
    %set/v v0x861bf0_0, 0, 1;
    %set/v v0x861d20_0, 0, 1;
T_1.6 ;
T_1.1 ;
    %load/v 8, v0x861e20_0, 1;
    %set/v v0x861f10_0, 8, 1;
    %jmp T_1;
    .thread T_1;
    .scope S_0x8612c0;
T_2 ;
    %wait E_0x828b20;
    %load/v 8, v0x861700_0, 1;
    %mov 9, 0, 2;
    %cmpi/u 8, 1, 3;
    %jmp/0xz  T_2.0, 4;
    %set/v v0x861540_0, 1, 1;
    %jmp T_2.1;
T_2.0 ;
    %load/v 8, v0x861660_0, 1;
    %mov 9, 0, 2;
    %cmpi/u 8, 1, 3;
    %jmp/0xz  T_2.2, 4;
    %set/v v0x861540_0, 1, 1;
T_2.2 ;
    %load/v 8, v0x861660_0, 1;
    %mov 9, 0, 1;
    %cmpi/u 8, 0, 2;
    %jmp/0xz  T_2.4, 4;
    %set/v v0x8615e0_0, 0, 16;
    %set/v v0x861660_0, 1, 1;
T_2.4 ;
    %load/v 8, v0x8617d0_0, 1;
    %mov 9, 0, 2;
    %cmpi/u 8, 1, 3;
    %mov 8, 4, 1;
    %load/v 9, v0x861870_0, 1;
    %mov 10, 0, 1;
    %cmpi/u 9, 0, 2;
    %mov 9, 4, 1;
    %and 8, 9, 1;
    %jmp/0xz  T_2.6, 8;
    %set/v v0x861540_0, 0, 1;
    %set/v v0x861660_0, 0, 1;
T_2.6 ;
T_2.1 ;
    %load/v 8, v0x8617d0_0, 1;
    %set/v v0x861870_0, 8, 1;
    %jmp T_2;
    .thread T_2;
    .scope S_0x860c40;
T_3 ;
    %wait E_0x828b20;
    %load/v 8, v0x8610d0_0, 1;
    %mov 9, 0, 2;
    %cmpi/u 8, 1, 3;
    %jmp/0xz  T_3.0, 4;
    %set/v v0x860f00_0, 1, 1;
    %jmp T_3.1;
T_3.0 ;
    %load/v 8, v0x861030_0, 1;
    %mov 9, 0, 2;
    %cmpi/u 8, 1, 3;
    %jmp/0xz  T_3.2, 4;
    %set/v v0x860f00_0, 1, 1;
T_3.2 ;
    %load/v 8, v0x861030_0, 1;
    %mov 9, 0, 1;
    %cmpi/u 8, 0, 2;
    %jmp/0xz  T_3.4, 4;
    %set/v v0x860fb0_0, 0, 16;
    %set/v v0x861030_0, 1, 1;
T_3.4 ;
    %load/v 8, v0x861150_0, 1;
    %mov 9, 0, 2;
    %cmpi/u 8, 1, 3;
    %mov 8, 4, 1;
    %load/v 9, v0x861220_0, 1;
    %mov 10, 0, 1;
    %cmpi/u 9, 0, 2;
    %mov 9, 4, 1;
    %and 8, 9, 1;
    %jmp/0xz  T_3.6, 8;
    %set/v v0x860f00_0, 0, 1;
    %set/v v0x861030_0, 0, 1;
T_3.6 ;
T_3.1 ;
    %load/v 8, v0x861150_0, 1;
    %set/v v0x861220_0, 8, 1;
    %jmp T_3;
    .thread T_3;
    .scope S_0x828050;
T_4 ;
    %wait E_0x828b20;
    %load/v 8, v0x8609d0_0, 1;
    %mov 9, 0, 2;
    %cmpi/u 8, 1, 3;
    %jmp/0xz  T_4.0, 4;
    %set/v v0x8607e0_0, 1, 1;
    %jmp T_4.1;
T_4.0 ;
    %load/v 8, v0x860930_0, 1;
    %mov 9, 0, 2;
    %cmpi/u 8, 1, 3;
    %jmp/0xz  T_4.2, 4;
    %set/v v0x8607e0_0, 1, 1;
T_4.2 ;
    %load/v 8, v0x860930_0, 1;
    %mov 9, 0, 1;
    %cmpi/u 8, 0, 2;
    %jmp/0xz  T_4.4, 4;
    %set/v v0x860880_0, 0, 16;
    %set/v v0x860930_0, 1, 1;
T_4.4 ;
    %load/v 8, v0x860ab0_0, 1;
    %mov 9, 0, 2;
    %cmpi/u 8, 1, 3;
    %mov 8, 4, 1;
    %load/v 9, v0x860b50_0, 1;
    %mov 10, 0, 1;
    %cmpi/u 9, 0, 2;
    %mov 9, 4, 1;
    %and 8, 9, 1;
    %jmp/0xz  T_4.6, 8;
    %set/v v0x8607e0_0, 0, 1;
    %set/v v0x860930_0, 0, 1;
T_4.6 ;
T_4.1 ;
    %load/v 8, v0x860ab0_0, 1;
    %set/v v0x860b50_0, 8, 1;
    %jmp T_4;
    .thread T_4;
# The file index is used to find the file name in the following table.
:file_names 8;
    "N/A";
    "<interactive>";
    "main_root.v";
    "node488398_operation_o.v";
    "node941055_operation_o.v";
    "node433774_operation_o.v";
    "node665112_operation_o.v";
    "node331770_operation_o.v";
