#! /usr/bin/vvp
:ivl_version "0.9.6 " "(v0_9_6)";
:vpi_time_precision + 0;
:vpi_module "system";
:vpi_module "v2005_math";
:vpi_module "va_math";
S_0x806410 .scope module, "operation_s_16_tb" "operation_s_16_tb" 2 1;
 .timescale 0 0;
v0x83cc20_0 .net "CLK", 0 0, v0x83d070_0; 1 drivers
v0x83ccc0_0 .net "IN", 15 0, v0x83d0f0_0; 1 drivers
v0x83cd70_0 .net "RD", 0 0, v0x83c8b0_0; 1 drivers
v0x83ce20_0 .net "RES", 15 0, v0x83c950_0; 1 drivers
v0x83cf00_0 .net "RST", 0 0, v0x83d1c0_0; 1 drivers
v0x83cfb0_0 .net "ST", 0 0, v0x83d240_0; 1 drivers
v0x83d070_0 .var "rCLK", 0 0;
v0x83d0f0_0 .var "rIN", 15 0;
v0x83d1c0_0 .var "rRST", 0 0;
v0x83d240_0 .var "rST", 0 0;
S_0x8297f0 .scope module, "op_s" "operation_s_16" 2 13, 3 1, S_0x806410;
 .timescale 0 0;
v0x8298e0_0 .alias "CLK", 0 0, v0x83cc20_0;
v0x83c810_0 .alias "IN", 15 0, v0x83ccc0_0;
v0x83c8b0_0 .var "RD", 0 0;
v0x83c950_0 .var "RES", 15 0;
v0x83ca00_0 .alias "RST", 0 0, v0x83cf00_0;
v0x83caa0_0 .alias "ST", 0 0, v0x83cfb0_0;
v0x83cb80_0 .var "STold", 0 0;
E_0x806360 .event posedge, v0x8298e0_0;
    .scope S_0x8297f0;
T_0 ;
    %wait E_0x806360;
    %load/v 8, v0x83ca00_0, 1;
    %mov 9, 0, 2;
    %cmpi/u 8, 1, 3;
    %jmp/0xz  T_0.0, 4;
    %set/v v0x83c8b0_0, 1, 1;
    %jmp T_0.1;
T_0.0 ;
    %load/v 8, v0x83c8b0_0, 1;
    %mov 9, 0, 1;
    %cmpi/u 8, 0, 2;
    %jmp/0xz  T_0.2, 4;
    %load/v 8, v0x83c810_0, 16;
    %mov 24, 0, 16;
    %addi 8, 1, 32;
    %set/v v0x83c950_0, 8, 16;
    %set/v v0x83c8b0_0, 1, 1;
T_0.2 ;
    %load/v 8, v0x83caa0_0, 1;
    %mov 9, 0, 2;
    %cmpi/u 8, 1, 3;
    %mov 8, 4, 1;
    %load/v 9, v0x83cb80_0, 1;
    %mov 10, 0, 1;
    %cmpi/u 9, 0, 2;
    %mov 9, 4, 1;
    %and 8, 9, 1;
    %jmp/0xz  T_0.4, 8;
    %set/v v0x83c8b0_0, 0, 1;
T_0.4 ;
T_0.1 ;
    %load/v 8, v0x83caa0_0, 1;
    %set/v v0x83cb80_0, 8, 1;
    %jmp T_0;
    .thread T_0;
    .scope S_0x806410;
T_1 ;
    %vpi_call 2 21 "$dumpfile", "operation_s_16_tb.vcd";
    %vpi_call 2 22 "$dumpvars";
    %set/v v0x83d070_0, 0, 1;
    %set/v v0x83d1c0_0, 1, 1;
    %set/v v0x83d240_0, 0, 1;
    %movi 8, 2, 16;
    %set/v v0x83d0f0_0, 8, 16;
    %delay 15, 0;
    %set/v v0x83d1c0_0, 0, 1;
    %delay 10, 0;
    %set/v v0x83d240_0, 1, 1;
    %delay 40, 0;
    %vpi_call 2 29 "$finish";
    %end;
    .thread T_1;
    .scope S_0x806410;
T_2 ;
    %delay 5, 0;
    %load/v 8, v0x83d070_0, 1;
    %inv 8, 1;
    %set/v v0x83d070_0, 8, 1;
    %jmp T_2;
    .thread T_2;
# The file index is used to find the file name in the following table.
:file_names 4;
    "N/A";
    "<interactive>";
    "operation_s_tb_bw16.v";
    "operation_s_bw16.v";
