#! /usr/bin/vvp
:ivl_version "0.9.6 " "(v0_9_6)";
:vpi_time_precision + 0;
:vpi_module "system";
:vpi_module "v2005_math";
:vpi_module "va_math";
S_0x1e3ec50 .scope module, "composition_m_foperation_i_bw16_inc3_si2_bw16_icnt3_crit2_tb" "composition_m_foperation_i_bw16_inc3_si2_bw16_icnt3_crit2_tb" 2 1;
 .timescale 0 0;
v0x1e6cfa0_0 .net "CLK", 0 0, v0x1e6d4e0_0; 1 drivers
v0x1e6d020_0 .net "IN0", 15 0, v0x1e6d560_0; 1 drivers
v0x1e6d0f0_0 .net "IN1", 15 0, v0x1e6d5e0_0; 1 drivers
v0x1e6d1c0_0 .net "IN2", 15 0, v0x1e6d660_0; 1 drivers
v0x1e6d240_0 .net "RD", 0 0, v0x1e6c8c0_0; 1 drivers
v0x1e6d2c0_0 .net "RES", 15 0, v0x1e6c9c0_0; 1 drivers
v0x1e6d340_0 .net "RST", 0 0, v0x1e6d6e0_0; 1 drivers
v0x1e6d410_0 .net "ST", 0 0, v0x1e6d760_0; 1 drivers
v0x1e6d4e0_0 .var "rCLK", 0 0;
v0x1e6d560_0 .var "rIN0", 15 0;
v0x1e6d5e0_0 .var "rIN1", 15 0;
v0x1e6d660_0 .var "rIN2", 15 0;
v0x1e6d6e0_0 .var "rRST", 0 0;
v0x1e6d760_0 .var "rST", 0 0;
S_0x1e3e970 .scope module, "comp_m" "composition_m_foperation_i_bw16_inc3_si2_bw16_icnt3_crit2" 2 19, 3 1, S_0x1e3ec50;
 .timescale 0 0;
v0x1e6c560_0 .alias "CLK", 0 0, v0x1e6cfa0_0;
v0x1e6c600_0 .var "CNT", 15 0;
v0x1e6c6b0_0 .alias "IN0", 15 0, v0x1e6d020_0;
v0x1e6c760_0 .alias "IN1", 15 0, v0x1e6d0f0_0;
v0x1e6c840_0 .alias "IN2", 15 0, v0x1e6d1c0_0;
v0x1e6c8c0_0 .var "RD", 0 0;
v0x1e6c940_0 .var "RDold_f", 0 0;
v0x1e6c9c0_0 .var "RES", 15 0;
v0x1e6ca40_0 .alias "RST", 0 0, v0x1e6d340_0;
v0x1e6cac0_0 .alias "ST", 0 0, v0x1e6d410_0;
v0x1e6cba0_0 .var "STold", 0 0;
v0x1e6cc20_0 .net "rd_f", 0 0, v0x1e6c0b0_0; 1 drivers
v0x1e6cd40_0 .net "res_f", 15 0, v0x1e6c150_0; 1 drivers
v0x1e6cdf0_0 .var "st_f", 0 0;
v0x1e6cf20_0 .var "stf_f", 0 0;
S_0x1e3e690 .scope module, "f" "operation_i_bw16_inc3_si2" 3 19, 4 1, S_0x1e3e970;
 .timescale 0 0;
v0x1e28f80_0 .alias "CLK", 0 0, v0x1e6cfa0_0;
v0x1e6bec0_0 .alias "IN0", 15 0, v0x1e6d020_0;
v0x1e6bf60_0 .alias "IN1", 15 0, v0x1e6d0f0_0;
v0x1e6c000_0 .net "IN2", 15 0, v0x1e6c600_0; 1 drivers
v0x1e6c0b0_0 .var "RD", 0 0;
v0x1e6c150_0 .var "RES", 15 0;
v0x1e6c230_0 .var "RF", 0 0;
v0x1e6c2d0_0 .alias "RST", 0 0, v0x1e6d340_0;
v0x1e6c3c0_0 .net "ST", 0 0, v0x1e6cdf0_0; 1 drivers
v0x1e6c460_0 .var "STold", 0 0;
E_0x1e3ee80 .event posedge, v0x1e28f80_0;
    .scope S_0x1e3e690;
T_0 ;
    %wait E_0x1e3ee80;
    %load/v 8, v0x1e6c2d0_0, 1;
    %mov 9, 0, 2;
    %cmpi/u 8, 1, 3;
    %jmp/0xz  T_0.0, 4;
    %set/v v0x1e6c0b0_0, 1, 1;
    %jmp T_0.1;
T_0.0 ;
    %load/v 8, v0x1e6c230_0, 1;
    %mov 9, 0, 2;
    %cmpi/u 8, 1, 3;
    %jmp/0xz  T_0.2, 4;
    %set/v v0x1e6c0b0_0, 1, 1;
T_0.2 ;
    %load/v 8, v0x1e6c230_0, 1;
    %mov 9, 0, 1;
    %cmpi/u 8, 0, 2;
    %jmp/0xz  T_0.4, 4;
    %load/v 8, v0x1e6c000_0, 16;
    %set/v v0x1e6c150_0, 8, 16;
    %set/v v0x1e6c230_0, 1, 1;
T_0.4 ;
    %load/v 8, v0x1e6c3c0_0, 1;
    %mov 9, 0, 2;
    %cmpi/u 8, 1, 3;
    %mov 8, 4, 1;
    %load/v 9, v0x1e6c460_0, 1;
    %and 8, 9, 1;
    %jmp/0xz  T_0.6, 8;
    %set/v v0x1e6c0b0_0, 0, 1;
    %set/v v0x1e6c230_0, 0, 1;
T_0.6 ;
T_0.1 ;
    %load/v 8, v0x1e6c3c0_0, 1;
    %mov 9, 0, 2;
    %cmpi/u 8, 1, 3;
    %jmp/0xz  T_0.8, 4;
    %set/v v0x1e6c460_0, 1, 1;
    %jmp T_0.9;
T_0.8 ;
    %set/v v0x1e6c460_0, 0, 1;
T_0.9 ;
    %jmp T_0;
    .thread T_0;
    .scope S_0x1e3e970;
T_1 ;
    %wait E_0x1e3ee80;
    %load/v 8, v0x1e6ca40_0, 1;
    %mov 9, 0, 2;
    %cmpi/u 8, 1, 3;
    %jmp/0xz  T_1.0, 4;
    %set/v v0x1e6c8c0_0, 1, 1;
    %set/v v0x1e6cba0_0, 0, 1;
    %set/v v0x1e6c600_0, 0, 16;
    %set/v v0x1e6cf20_0, 0, 1;
    %jmp T_1.1;
T_1.0 ;
    %load/v 8, v0x1e6cf20_0, 1;
    %mov 9, 0, 2;
    %cmpi/u 8, 1, 3;
    %jmp/0xz  T_1.2, 4;
    %set/v v0x1e6cf20_0, 0, 1;
    %set/v v0x1e6cdf0_0, 0, 1;
T_1.2 ;
    %load/v 8, v0x1e6cdf0_0, 1;
    %mov 9, 0, 2;
    %cmpi/u 8, 1, 3;
    %jmp/0xz  T_1.4, 4;
    %set/v v0x1e6cf20_0, 1, 1;
T_1.4 ;
    %load/v 8, v0x1e6cac0_0, 1;
    %mov 9, 0, 2;
    %cmpi/u 8, 1, 3;
    %mov 8, 4, 1;
    %load/v 9, v0x1e6cba0_0, 1;
    %mov 10, 0, 1;
    %cmpi/u 9, 0, 2;
    %mov 9, 4, 1;
    %and 8, 9, 1;
    %jmp/0xz  T_1.6, 8;
    %set/v v0x1e6c600_0, 0, 16;
    %set/v v0x1e6c8c0_0, 0, 1;
    %set/v v0x1e6cdf0_0, 1, 1;
T_1.6 ;
    %load/v 8, v0x1e6c940_0, 1;
    %mov 9, 0, 1;
    %cmpi/u 8, 0, 2;
    %mov 8, 4, 1;
    %load/v 9, v0x1e6cc20_0, 1;
    %mov 10, 0, 2;
    %cmpi/u 9, 1, 3;
    %mov 9, 4, 1;
    %and 8, 9, 1;
    %jmp/0xz  T_1.8, 8;
    %load/v 8, v0x1e6cd40_0, 16;
    %mov 24, 0, 1;
    %cmpi/u 8, 0, 17;
    %jmp/0xz  T_1.10, 4;
    %set/v v0x1e6c8c0_0, 1, 1;
    %load/v 8, v0x1e6cd40_0, 16;
    %set/v v0x1e6c9c0_0, 8, 16;
T_1.10 ;
    %load/v 8, v0x1e6c600_0, 16;
    %mov 24, 0, 16;
    %addi 8, 1, 32;
    %set/v v0x1e6c600_0, 8, 16;
    %set/v v0x1e6cdf0_0, 1, 1;
T_1.8 ;
T_1.1 ;
    %load/v 8, v0x1e6cac0_0, 1;
    %set/v v0x1e6cba0_0, 8, 1;
    %load/v 8, v0x1e6cc20_0, 1;
    %set/v v0x1e6c940_0, 8, 1;
    %jmp T_1;
    .thread T_1;
    .scope S_0x1e3ec50;
T_2 ;
    %vpi_call 2 30 "$dumpfile", "operation_i_tb.vcd";
    %vpi_call 2 31 "$dumpvars";
    %set/v v0x1e6d4e0_0, 0, 1;
    %set/v v0x1e6d6e0_0, 1, 1;
    %set/v v0x1e6d760_0, 0, 1;
    %set/v v0x1e6d560_0, 0, 16;
    %movi 8, 1, 16;
    %set/v v0x1e6d5e0_0, 8, 16;
    %movi 8, 2, 16;
    %set/v v0x1e6d660_0, 8, 16;
    %delay 15, 0;
    %set/v v0x1e6d6e0_0, 0, 1;
    %delay 10, 0;
    %set/v v0x1e6d760_0, 1, 1;
    %delay 200, 0;
    %vpi_call 2 41 "$finish";
    %end;
    .thread T_2;
    .scope S_0x1e3ec50;
T_3 ;
    %delay 5, 0;
    %load/v 8, v0x1e6d4e0_0, 1;
    %inv 8, 1;
    %set/v v0x1e6d4e0_0, 8, 1;
    %jmp T_3;
    .thread T_3;
# The file index is used to find the file name in the following table.
:file_names 5;
    "N/A";
    "<interactive>";
    "composition_m_foperation_i_bw16_inc3_si2_bw16_icnt3_crit2_tb.v";
    "composition_m_foperation_i_bw16_inc3_si2_bw16_icnt3_crit2.v";
    "operation_i_bw16_inc3_si2.v";
