#! /usr/bin/vvp
:ivl_version "0.9.6 " "(v0_9_6)";
:vpi_time_precision + 0;
:vpi_module "system";
:vpi_module "v2005_math";
:vpi_module "va_math";
S_0xa93cc0 .scope module, "addition_tb" "addition_tb" 2 1;
 .timescale 0 0;
v0xacc860_0 .net "CLK", 0 0, v0xaccd00_0; 1 drivers
v0xacc8e0_0 .net "IN0", 15 0, v0xaccd80_0; 1 drivers
v0xacc9f0_0 .net "IN1", 15 0, v0xacce00_0; 1 drivers
v0xaccb00_0 .net "RD", 0 0, v0xacbb00_0; 1 drivers
v0xaccb80_0 .net "RES", 15 0, v0xacbb80_0; 1 drivers
v0xaccc00_0 .net "RST", 0 0, v0xacce80_0; 1 drivers
v0xaccc80_0 .net "ST", 0 0, v0xaccf00_0; 1 drivers
v0xaccd00_0 .var "rCLK", 0 0;
v0xaccd80_0 .var "rIN0", 15 0;
v0xacce00_0 .var "rIN1", 15 0;
v0xacce80_0 .var "rRST", 0 0;
v0xaccf00_0 .var "rST", 0 0;
S_0xa94bd0 .scope module, "op_o" "composition_r_goperation_i_bw16_inc2_si1_haddition_func_h_bw_16_icnt2" 2 16, 3 1, S_0xa93cc0;
 .timescale 0 0;
v0xacb770_0 .alias "CLK", 0 0, v0xacc860_0;
v0xacb880_0 .var "CNT", 15 0;
v0xacb900_0 .alias "IN0", 15 0, v0xacc8e0_0;
v0xacb980_0 .alias "IN1", 15 0, v0xacc9f0_0;
v0xacba00_0 .net "IN2", 15 0, L_0xacd4a0; 1 drivers
v0xacba80_0 .var "ITERATIONS", 15 0;
v0xacbb00_0 .var "RD", 0 0;
v0xacbb80_0 .var "RES", 15 0;
v0xacbc50_0 .alias "RST", 0 0, v0xaccc00_0;
v0xacbd60_0 .alias "ST", 0 0, v0xaccc80_0;
v0xacbe40_0 .var "STold", 0 0;
v0xacbec0_0 .net *"_s0", 15 0, C4<0000000000000000>; 1 drivers
v0xacbfd0_0 .net *"_s10", 16 0, C4<00000000000000001>; 1 drivers
v0xacc070_0 .net *"_s12", 0 0, L_0xacd360; 1 drivers
v0xacc190_0 .net *"_s2", 0 0, L_0xaccfa0; 1 drivers
v0xacc230_0 .net *"_s6", 16 0, L_0xacd180; 1 drivers
v0xacc0f0_0 .net *"_s9", 0 0, C4<0>; 1 drivers
v0xacc380_0 .net "rd_g", 0 0, v0xacb420_0; 1 drivers
v0xacc2b0_0 .var "rd_g_old", 0 0;
v0xacc4a0_0 .net "rd_h", 0 0, v0xac9e10_0; 1 drivers
v0xacc400_0 .var "rd_h_old", 0 0;
v0xacc5d0_0 .net "res_g", 15 0, v0xacb4a0_0; 1 drivers
v0xacc520_0 .net "res_h", 15 0, v0xac9eb0_0; 1 drivers
v0xacc710_0 .net "st_h", 0 0, L_0xacd040; 1 drivers
L_0xaccfa0 .cmp/ne 16, v0xacb880_0, C4<0000000000000000>;
L_0xacd040 .functor MUXZ 1, v0xacb420_0, v0xac9e10_0, L_0xaccfa0, C4<>;
L_0xacd180 .concat [ 16 1 0 0], v0xacb880_0, C4<0>;
L_0xacd360 .cmp/gt 17, L_0xacd180, C4<00000000000000001>;
L_0xacd4a0 .functor MUXZ 16, v0xacb4a0_0, v0xac9eb0_0, L_0xacd360, C4<>;
S_0xacb160 .scope module, "g" "operation_i_bw16_inc2_si1" 3 22, 4 1, S_0xa94bd0;
 .timescale 0 0;
v0xacb250_0 .alias "CLK", 0 0, v0xacc860_0;
v0xacb2d0_0 .alias "IN0", 15 0, v0xacc8e0_0;
v0xacb350_0 .alias "IN1", 15 0, v0xacc9f0_0;
v0xacb420_0 .var "RD", 0 0;
v0xacb4a0_0 .var "RES", 15 0;
v0xacb520_0 .var "RF", 0 0;
v0xacb5a0_0 .alias "RST", 0 0, v0xaccc00_0;
v0xacb620_0 .alias "ST", 0 0, v0xaccc80_0;
v0xacb6f0_0 .var "STold", 0 0;
S_0xa90500 .scope module, "h" "addition_func_h" 3 23, 5 1, S_0xa94bd0;
 .timescale 0 0;
v0xaca9e0_0 .alias "CLK", 0 0, v0xacc860_0;
v0xacaa80_0 .alias "IN0", 15 0, v0xacc8e0_0;
v0xacab00_0 .alias "IN1", 15 0, v0xacc9f0_0;
v0xacabb0_0 .alias "IN2", 15 0, v0xacba00_0;
v0xacac90_0 .alias "RD", 0 0, v0xacc4a0_0;
v0xacad40_0 .net "RDi", 0 0, v0xaca5d0_0; 1 drivers
v0xacae10_0 .alias "RES", 15 0, v0xacc520_0;
v0xacae90_0 .net "RESi", 15 0, v0xaca680_0; 1 drivers
v0xacafb0_0 .alias "RST", 0 0, v0xaccc00_0;
v0xacb080_0 .alias "ST", 0 0, v0xacc710_0;
S_0xaca270 .scope module, "opi3" "operation_i_bw16_inc3_si2" 5 13, 6 1, S_0xa90500;
 .timescale 0 0;
v0xaca360_0 .alias "CLK", 0 0, v0xacc860_0;
v0xaca400_0 .alias "IN0", 15 0, v0xacc8e0_0;
v0xaca480_0 .alias "IN1", 15 0, v0xacc9f0_0;
v0xaca520_0 .alias "IN2", 15 0, v0xacba00_0;
v0xaca5d0_0 .var "RD", 0 0;
v0xaca680_0 .var "RES", 15 0;
v0xaca700_0 .var "RF", 0 0;
v0xaca780_0 .alias "RST", 0 0, v0xaccc00_0;
v0xaca880_0 .alias "ST", 0 0, v0xacc710_0;
v0xaca900_0 .var "STold", 0 0;
S_0xa91470 .scope module, "soperation" "operation_s_bw16" 5 14, 7 1, S_0xa90500;
 .timescale 0 0;
v0xa8d270_0 .alias "CLK", 0 0, v0xacc860_0;
v0xac9d70_0 .alias "IN", 15 0, v0xacae90_0;
v0xac9e10_0 .var "RD", 0 0;
v0xac9eb0_0 .var "RES", 15 0;
v0xac9f60_0 .var "RF", 0 0;
v0xaca000_0 .alias "RST", 0 0, v0xaccc00_0;
v0xaca0e0_0 .alias "ST", 0 0, v0xacad40_0;
v0xaca180_0 .var "STold", 0 0;
E_0xa8c1f0 .event posedge, v0xa8d270_0;
    .scope S_0xacb160;
T_0 ;
    %wait E_0xa8c1f0;
    %load/v 8, v0xacb5a0_0, 1;
    %mov 9, 0, 2;
    %cmpi/u 8, 1, 3;
    %jmp/0xz  T_0.0, 4;
    %set/v v0xacb420_0, 1, 1;
    %set/v v0xacb520_0, 1, 1;
    %jmp T_0.1;
T_0.0 ;
    %load/v 8, v0xacb520_0, 1;
    %mov 9, 0, 2;
    %cmpi/u 8, 1, 3;
    %jmp/0xz  T_0.2, 4;
    %set/v v0xacb420_0, 1, 1;
T_0.2 ;
    %load/v 8, v0xacb520_0, 1;
    %mov 9, 0, 1;
    %cmpi/u 8, 0, 2;
    %jmp/0xz  T_0.4, 4;
    %load/v 8, v0xacb350_0, 16;
    %set/v v0xacb4a0_0, 8, 16;
    %set/v v0xacb520_0, 1, 1;
T_0.4 ;
    %load/v 8, v0xacb620_0, 1;
    %mov 9, 0, 2;
    %cmpi/u 8, 1, 3;
    %mov 8, 4, 1;
    %load/v 9, v0xacb6f0_0, 1;
    %mov 10, 0, 1;
    %cmpi/u 9, 0, 2;
    %mov 9, 4, 1;
    %and 8, 9, 1;
    %jmp/0xz  T_0.6, 8;
    %set/v v0xacb420_0, 0, 1;
    %set/v v0xacb520_0, 0, 1;
T_0.6 ;
T_0.1 ;
    %load/v 8, v0xacb620_0, 1;
    %set/v v0xacb6f0_0, 8, 1;
    %jmp T_0;
    .thread T_0;
    .scope S_0xaca270;
T_1 ;
    %wait E_0xa8c1f0;
    %load/v 8, v0xaca780_0, 1;
    %mov 9, 0, 2;
    %cmpi/u 8, 1, 3;
    %jmp/0xz  T_1.0, 4;
    %set/v v0xaca5d0_0, 1, 1;
    %set/v v0xaca700_0, 1, 1;
    %jmp T_1.1;
T_1.0 ;
    %load/v 8, v0xaca700_0, 1;
    %mov 9, 0, 2;
    %cmpi/u 8, 1, 3;
    %jmp/0xz  T_1.2, 4;
    %set/v v0xaca5d0_0, 1, 1;
T_1.2 ;
    %load/v 8, v0xaca700_0, 1;
    %mov 9, 0, 1;
    %cmpi/u 8, 0, 2;
    %jmp/0xz  T_1.4, 4;
    %load/v 8, v0xaca520_0, 16;
    %set/v v0xaca680_0, 8, 16;
    %set/v v0xaca700_0, 1, 1;
T_1.4 ;
    %load/v 8, v0xaca880_0, 1;
    %mov 9, 0, 2;
    %cmpi/u 8, 1, 3;
    %mov 8, 4, 1;
    %load/v 9, v0xaca900_0, 1;
    %mov 10, 0, 1;
    %cmpi/u 9, 0, 2;
    %mov 9, 4, 1;
    %and 8, 9, 1;
    %jmp/0xz  T_1.6, 8;
    %set/v v0xaca700_0, 0, 1;
    %set/v v0xaca5d0_0, 0, 1;
T_1.6 ;
T_1.1 ;
    %load/v 8, v0xaca880_0, 1;
    %set/v v0xaca900_0, 8, 1;
    %jmp T_1;
    .thread T_1;
    .scope S_0xa91470;
T_2 ;
    %wait E_0xa8c1f0;
    %load/v 8, v0xaca000_0, 1;
    %mov 9, 0, 2;
    %cmpi/u 8, 1, 3;
    %jmp/0xz  T_2.0, 4;
    %set/v v0xac9e10_0, 1, 1;
    %set/v v0xac9f60_0, 1, 1;
    %jmp T_2.1;
T_2.0 ;
    %load/v 8, v0xac9f60_0, 1;
    %mov 9, 0, 2;
    %cmpi/u 8, 1, 3;
    %jmp/0xz  T_2.2, 4;
    %set/v v0xac9e10_0, 1, 1;
T_2.2 ;
    %load/v 8, v0xac9f60_0, 1;
    %mov 9, 0, 1;
    %cmpi/u 8, 0, 2;
    %jmp/0xz  T_2.4, 4;
    %load/v 8, v0xac9d70_0, 16;
    %mov 24, 0, 16;
    %addi 8, 1, 32;
    %set/v v0xac9eb0_0, 8, 16;
    %set/v v0xac9f60_0, 1, 1;
T_2.4 ;
    %load/v 8, v0xaca0e0_0, 1;
    %mov 9, 0, 2;
    %cmpi/u 8, 1, 3;
    %mov 8, 4, 1;
    %load/v 9, v0xaca180_0, 1;
    %mov 10, 0, 1;
    %cmpi/u 9, 0, 2;
    %mov 9, 4, 1;
    %and 8, 9, 1;
    %jmp/0xz  T_2.6, 8;
    %set/v v0xac9f60_0, 0, 1;
    %set/v v0xac9e10_0, 0, 1;
T_2.6 ;
T_2.1 ;
    %load/v 8, v0xaca0e0_0, 1;
    %set/v v0xaca180_0, 8, 1;
    %jmp T_2;
    .thread T_2;
    .scope S_0xa94bd0;
T_3 ;
    %wait E_0xa8c1f0;
    %load/v 8, v0xacbc50_0, 1;
    %mov 9, 0, 2;
    %cmpi/u 8, 1, 3;
    %jmp/0xz  T_3.0, 4;
    %set/v v0xacbb00_0, 1, 1;
    %set/v v0xacb880_0, 0, 16;
    %set/v v0xacbe40_0, 0, 1;
    %set/v v0xacc2b0_0, 0, 1;
    %set/v v0xacc400_0, 0, 1;
    %set/v v0xacba80_0, 0, 16;
    %jmp T_3.1;
T_3.0 ;
    %load/v 8, v0xacbb00_0, 1;
    %mov 9, 0, 1;
    %cmpi/u 8, 0, 2;
    %jmp/0xz  T_3.2, 4;
    %load/v 8, v0xacba80_0, 16;
    %load/v 24, v0xacb880_0, 16;
    %cmp/u 8, 24, 16;
    %jmp/0xz  T_3.4, 4;
    %set/v v0xacbb00_0, 1, 1;
    %set/v v0xacb880_0, 0, 16;
    %load/v 8, v0xacc520_0, 16;
    %set/v v0xacbb80_0, 8, 16;
    %set/v v0xacba80_0, 0, 16;
T_3.4 ;
    %load/v 8, v0xacc380_0, 1;
    %mov 9, 0, 2;
    %cmpi/u 8, 1, 3;
    %mov 8, 4, 1;
    %load/v 9, v0xacc2b0_0, 1;
    %mov 10, 0, 1;
    %cmpi/u 9, 0, 2;
    %mov 9, 4, 1;
    %and 8, 9, 1;
    %load/v 9, v0xacb880_0, 16;
    %mov 25, 0, 1;
    %cmpi/u 9, 0, 17;
    %mov 9, 4, 1;
    %and 8, 9, 1;
    %jmp/0xz  T_3.6, 8;
    %load/v 8, v0xacc5d0_0, 16;
    %set/v v0xacbb80_0, 8, 16;
    %load/v 8, v0xacb880_0, 16;
    %mov 24, 0, 16;
    %addi 8, 1, 32;
    %set/v v0xacb880_0, 8, 16;
T_3.6 ;
    %load/v 8, v0xacc4a0_0, 1;
    %mov 9, 0, 2;
    %cmpi/u 8, 1, 3;
    %mov 8, 4, 1;
    %load/v 9, v0xacc400_0, 1;
    %mov 10, 0, 1;
    %cmpi/u 9, 0, 2;
    %mov 9, 4, 1;
    %and 8, 9, 1;
    %jmp/0xz  T_3.8, 8;
    %load/v 8, v0xacc4a0_0, 1;
    %mov 9, 0, 15;
    %set/v v0xacbb80_0, 8, 16;
    %load/v 8, v0xacb880_0, 16;
    %mov 24, 0, 16;
    %addi 8, 1, 32;
    %set/v v0xacb880_0, 8, 16;
T_3.8 ;
T_3.2 ;
    %load/v 8, v0xacbd60_0, 1;
    %mov 9, 0, 2;
    %cmpi/u 8, 1, 3;
    %mov 8, 4, 1;
    %load/v 9, v0xacbe40_0, 1;
    %mov 10, 0, 1;
    %cmpi/u 9, 0, 2;
    %mov 9, 4, 1;
    %and 8, 9, 1;
    %jmp/0xz  T_3.10, 8;
    %set/v v0xacbb00_0, 0, 1;
    %load/v 8, v0xacb980_0, 16;
    %set/v v0xacba80_0, 8, 16;
T_3.10 ;
T_3.1 ;
    %load/v 8, v0xacbd60_0, 1;
    %set/v v0xacbe40_0, 8, 1;
    %load/v 8, v0xacc380_0, 1;
    %set/v v0xacc2b0_0, 8, 1;
    %load/v 8, v0xacc4a0_0, 1;
    %set/v v0xacc400_0, 8, 1;
    %jmp T_3;
    .thread T_3;
    .scope S_0xa93cc0;
T_4 ;
    %vpi_call 2 25 "$dumpfile", "addition_tb.vcd";
    %vpi_call 2 26 "$dumpvars";
    %set/v v0xaccd00_0, 0, 1;
    %set/v v0xacce80_0, 1, 1;
    %set/v v0xaccf00_0, 0, 1;
    %movi 8, 4, 16;
    %set/v v0xaccd80_0, 8, 16;
    %movi 8, 5, 16;
    %set/v v0xacce00_0, 8, 16;
    %delay 15, 0;
    %set/v v0xacce80_0, 0, 1;
    %delay 10, 0;
    %set/v v0xaccf00_0, 1, 1;
    %delay 10, 0;
    %set/v v0xaccf00_0, 0, 1;
    %delay 300, 0;
    %vpi_call 2 35 "$finish";
    %end;
    .thread T_4;
    .scope S_0xa93cc0;
T_5 ;
    %delay 5, 0;
    %load/v 8, v0xaccd00_0, 1;
    %inv 8, 1;
    %set/v v0xaccd00_0, 8, 1;
    %jmp T_5;
    .thread T_5;
# The file index is used to find the file name in the following table.
:file_names 8;
    "N/A";
    "<interactive>";
    "addition_tb.v";
    "composition_r_goperation_i_bw16_inc2_si1_haddition_func_h_bw_16_icnt2.v";
    "operation_i_bw16_inc2_si1.v";
    "addition_func_h.v";
    "operation_i_bw16_inc3_si2.v";
    "operation_s_bw16.v";
