#! /usr/bin/vvp
:ivl_version "0.9.5 " "(v0_9_5)";
:vpi_time_precision + 0;
:vpi_module "system";
:vpi_module "v2005_math";
:vpi_module "va_math";
S_0x12fd6f0 .scope module, "node0_tb" "node0_tb" 2 1;
 .timescale 0 0;
v0x132b330_0 .net "CLK", 0 0, v0x132b8a0_0; 1 drivers
v0x132b3d0_0 .net "IN0", 15 0, v0x132b920_0; 1 drivers
v0x132b480_0 .net "IN1", 15 0, v0x132ba00_0; 1 drivers
v0x132b530_0 .net "IN2", 15 0, v0x132ba80_0; 1 drivers
v0x132b610_0 .net "RD", 0 0, v0x132ae80_0; 1 drivers
v0x132b6c0_0 .net "RES", 15 0, v0x132af20_0; 1 drivers
v0x132b740_0 .net "RST", 0 0, v0x132bb70_0; 1 drivers
v0x132b7f0_0 .net "ST", 0 0, v0x132bbf0_0; 1 drivers
v0x132b8a0_0 .var "rCLK", 0 0;
v0x132b920_0 .var "rIN0", 15 0;
v0x132ba00_0 .var "rIN1", 15 0;
v0x132ba80_0 .var "rIN2", 15 0;
v0x132bb70_0 .var "rRST", 0 0;
v0x132bbf0_0 .var "rST", 0 0;
S_0x12f9d90 .scope module, "op_o" "node0" 2 19, 3 1, S_0x12fd6f0;
 .timescale 0 0;
v0x12fcb70_0 .alias "CLK", 0 0, v0x132b330_0;
v0x132ac90_0 .alias "IN0", 15 0, v0x132b3d0_0;
v0x132ad30_0 .alias "IN1", 15 0, v0x132b480_0;
v0x132add0_0 .alias "IN2", 15 0, v0x132b530_0;
v0x132ae80_0 .var "RD", 0 0;
v0x132af20_0 .var "RES", 15 0;
v0x132b000_0 .var "RF", 0 0;
v0x132b0a0_0 .alias "RST", 0 0, v0x132b740_0;
v0x132b190_0 .alias "ST", 0 0, v0x132b7f0_0;
v0x132b230_0 .var "STold", 0 0;
E_0x12fd920 .event posedge, v0x12fcb70_0;
S_0x12fa070 .scope module, "operation_o_16_2_tb" "operation_o_16_2_tb" 4 1;
 .timescale 0 0;
v0x132c3c0_0 .net "CLK", 0 0, v0x132c880_0; 1 drivers
v0x132c460_0 .net "IN0", 15 0, v0x132c950_0; 1 drivers
v0x132c510_0 .net "IN1", 15 0, v0x132c9d0_0; 1 drivers
v0x132c5c0_0 .net "RD", 0 0, v0x132bff0_0; 1 drivers
v0x132c6a0_0 .net "RES", 15 0, v0x132c0a0_0; 1 drivers
v0x132c750_0 .net "RST", 0 0, v0x132ca50_0; 1 drivers
v0x132c7d0_0 .net "ST", 0 0, v0x132cad0_0; 1 drivers
v0x132c880_0 .var "rCLK", 0 0;
v0x132c950_0 .var "rIN0", 15 0;
v0x132c9d0_0 .var "rIN1", 15 0;
v0x132ca50_0 .var "rRST", 0 0;
v0x132cad0_0 .var "rST", 0 0;
S_0x132bcf0 .scope module, "op_o" "operation_o_16_2" 4 17, 5 1, S_0x12fa070;
 .timescale 0 0;
v0x132be10_0 .alias "CLK", 0 0, v0x132c3c0_0;
v0x132beb0_0 .alias "IN0", 15 0, v0x132c460_0;
v0x132bf50_0 .alias "IN1", 15 0, v0x132c510_0;
v0x132bff0_0 .var "RD", 0 0;
v0x132c0a0_0 .var "RES", 15 0;
v0x132c140_0 .var "RF", 0 0;
v0x132c1e0_0 .alias "RST", 0 0, v0x132c750_0;
v0x132c280_0 .alias "ST", 0 0, v0x132c7d0_0;
v0x132c320_0 .var "STold", 0 0;
E_0x132bde0 .event posedge, v0x132be10_0;
    .scope S_0x12f9d90;
T_0 ;
    %wait E_0x12fd920;
    %load/v 8, v0x132b0a0_0, 1;
    %mov 9, 0, 2;
    %cmpi/u 8, 1, 3;
    %jmp/0xz  T_0.0, 4;
    %set/v v0x132ae80_0, 1, 1;
    %jmp T_0.1;
T_0.0 ;
    %load/v 8, v0x132b000_0, 1;
    %mov 9, 0, 2;
    %cmpi/u 8, 1, 3;
    %jmp/0xz  T_0.2, 4;
    %set/v v0x132ae80_0, 1, 1;
T_0.2 ;
    %load/v 8, v0x132b000_0, 1;
    %mov 9, 0, 1;
    %cmpi/u 8, 0, 2;
    %jmp/0xz  T_0.4, 4;
    %set/v v0x132af20_0, 0, 16;
    %set/v v0x132b000_0, 1, 1;
T_0.4 ;
    %load/v 8, v0x132b190_0, 1;
    %mov 9, 0, 2;
    %cmpi/u 8, 1, 3;
    %mov 8, 4, 1;
    %load/v 9, v0x132b230_0, 1;
    %mov 10, 0, 1;
    %cmpi/u 9, 0, 2;
    %mov 9, 4, 1;
    %and 8, 9, 1;
    %jmp/0xz  T_0.6, 8;
    %set/v v0x132ae80_0, 0, 1;
    %set/v v0x132b000_0, 0, 1;
T_0.6 ;
T_0.1 ;
    %load/v 8, v0x132b190_0, 1;
    %set/v v0x132b230_0, 8, 1;
    %jmp T_0;
    .thread T_0;
    .scope S_0x12fd6f0;
T_1 ;
    %vpi_call 2 30 "$dumpfile", "node0_tb.vcd";
    %vpi_call 2 31 "$dumpvars";
    %set/v v0x132b8a0_0, 0, 1;
    %set/v v0x132bb70_0, 1, 1;
    %set/v v0x132bbf0_0, 0, 1;
    %movi 8, 4, 16;
    %set/v v0x132b920_0, 8, 16;
    %movi 8, 4, 16;
    %set/v v0x132ba00_0, 8, 16;
    %movi 8, 4, 16;
    %set/v v0x132ba80_0, 8, 16;
    %delay 15, 0;
    %set/v v0x132bb70_0, 0, 1;
    %delay 10, 0;
    %set/v v0x132bbf0_0, 1, 1;
    %delay 10, 0;
    %set/v v0x132bbf0_0, 0, 1;
    %delay 10, 0;
    %vpi_call 2 42 "$finish";
    %end;
    .thread T_1;
    .scope S_0x12fd6f0;
T_2 ;
    %delay 5, 0;
    %load/v 8, v0x132b8a0_0, 1;
    %inv 8, 1;
    %set/v v0x132b8a0_0, 8, 1;
    %jmp T_2;
    .thread T_2;
    .scope S_0x132bcf0;
T_3 ;
    %wait E_0x132bde0;
    %load/v 8, v0x132c1e0_0, 1;
    %mov 9, 0, 2;
    %cmpi/u 8, 1, 3;
    %jmp/0xz  T_3.0, 4;
    %set/v v0x132bff0_0, 1, 1;
    %jmp T_3.1;
T_3.0 ;
    %load/v 8, v0x132c140_0, 1;
    %mov 9, 0, 2;
    %cmpi/u 8, 1, 3;
    %jmp/0xz  T_3.2, 4;
    %set/v v0x132bff0_0, 1, 1;
T_3.2 ;
    %load/v 8, v0x132c140_0, 1;
    %mov 9, 0, 1;
    %cmpi/u 8, 0, 2;
    %jmp/0xz  T_3.4, 4;
    %set/v v0x132c0a0_0, 0, 16;
    %set/v v0x132c140_0, 1, 1;
T_3.4 ;
    %load/v 8, v0x132c280_0, 1;
    %mov 9, 0, 2;
    %cmpi/u 8, 1, 3;
    %mov 8, 4, 1;
    %load/v 9, v0x132c320_0, 1;
    %mov 10, 0, 1;
    %cmpi/u 9, 0, 2;
    %mov 9, 4, 1;
    %and 8, 9, 1;
    %jmp/0xz  T_3.6, 8;
    %set/v v0x132bff0_0, 0, 1;
    %set/v v0x132c140_0, 0, 1;
T_3.6 ;
T_3.1 ;
    %load/v 8, v0x132c280_0, 1;
    %set/v v0x132c320_0, 8, 1;
    %jmp T_3;
    .thread T_3;
    .scope S_0x12fa070;
T_4 ;
    %vpi_call 4 27 "$dumpfile", "operation_o_16_2_tb.vcd";
    %vpi_call 4 28 "$dumpvars";
    %set/v v0x132c880_0, 0, 1;
    %set/v v0x132ca50_0, 1, 1;
    %set/v v0x132cad0_0, 0, 1;
    %movi 8, 4, 16;
    %set/v v0x132c950_0, 8, 16;
    %movi 8, 4, 16;
    %set/v v0x132c9d0_0, 8, 16;
    %delay 15, 0;
    %set/v v0x132ca50_0, 0, 1;
    %delay 10, 0;
    %set/v v0x132cad0_0, 1, 1;
    %delay 10, 0;
    %set/v v0x132cad0_0, 0, 1;
    %delay 10, 0;
    %vpi_call 4 38 "$finish";
    %end;
    .thread T_4;
    .scope S_0x12fa070;
T_5 ;
    %delay 5, 0;
    %load/v 8, v0x132c880_0, 1;
    %inv 8, 1;
    %set/v v0x132c880_0, 8, 1;
    %jmp T_5;
    .thread T_5;
# The file index is used to find the file name in the following table.
:file_names 6;
    "N/A";
    "<interactive>";
    "node0_tb.v";
    "node0_operation_o.v";
    "operation_o_tb_bw16_inc2.v";
    "operation_o_bw16_inc2.v";
