#! /usr/bin/vvp
:ivl_version "0.9.6 " "(v0_9_6)";
:vpi_time_precision + 0;
:vpi_module "system";
:vpi_module "v2005_math";
:vpi_module "va_math";
S_0x1715960 .scope module, "multiplication_tb" "multiplication_tb" 2 1;
 .timescale 0 0;
v0x1739790_0 .net "CLK", 0 0, v0x1739e90_0; 1 drivers
v0x1736fb0_0 .net "IN0", 15 0, v0x1739f60_0; 1 drivers
v0x1739b30_0 .net "IN1", 15 0, v0x1739fe0_0; 1 drivers
v0x1739bb0_0 .net "RD", 0 0, v0x1738ec0_0; 1 drivers
v0x1739c30_0 .net "RES", 15 0, v0x1738fb0_0; 1 drivers
v0x1739cb0_0 .net "RST", 0 0, v0x173a080_0; 1 drivers
v0x1737550_0 .net "ST", 0 0, v0x173a120_0; 1 drivers
v0x1739e90_0 .var "rCLK", 0 0;
v0x1739f60_0 .var "rIN0", 15 0;
v0x1739fe0_0 .var "rIN1", 15 0;
v0x173a080_0 .var "rRST", 0 0;
v0x173a120_0 .var "rST", 0 0;
S_0x1716560 .scope module, "op_m" "composition_r_goperation_o_bw16_inc2_hmultiplication_func_h_bw_16_icnt2" 2 16, 3 1, S_0x1715960;
 .timescale 0 0;
v0x1738a90_0 .var "BUF", 15 0;
v0x1738b50_0 .alias "CLK", 0 0, v0x1739790_0;
v0x1738bd0_0 .var "CNT", 15 0;
v0x1738c70_0 .alias "IN0", 15 0, v0x1736fb0_0;
v0x1738cf0_0 .alias "IN1", 15 0, v0x1739b30_0;
v0x1738dc0_0 .net "IN2", 15 0, L_0x173aeb0; 1 drivers
v0x1738e40_0 .var "ITERATIONS", 15 0;
v0x1738ec0_0 .var "RD", 0 0;
v0x1738fb0_0 .var "RES", 15 0;
v0x1739030_0 .alias "RST", 0 0, v0x1739cb0_0;
v0x17390b0_0 .alias "ST", 0 0, v0x1737550_0;
v0x1739130_0 .var "STold", 0 0;
v0x17391b0_0 .net *"_s0", 16 0, L_0x173ac00; 1 drivers
v0x1739230_0 .net *"_s3", 0 0, C4<0>; 1 drivers
v0x1739330_0 .net *"_s4", 16 0, C4<00000000000000001>; 1 drivers
v0x17393b0_0 .net *"_s6", 0 0, L_0x173ad70; 1 drivers
v0x17392b0_0 .net "rd_g", 0 0, v0x1738720_0; 1 drivers
v0x17394c0_0 .var "rd_g_old", 0 0;
v0x1739430_0 .net "rd_h", 0 0, v0x17372e0_0; 1 drivers
v0x17395e0_0 .var "rd_h_old", 0 0;
v0x1739560_0 .net "res_g", 15 0, v0x17387a0_0; 1 drivers
v0x1739710_0 .net "res_h", 15 0, v0x17373d0_0; 1 drivers
v0x1739850_0 .var "st_h", 0 0;
v0x17398d0_0 .var "st_h_f", 0 0;
L_0x173ac00 .concat [ 16 1 0 0], v0x1738bd0_0, C4<0>;
L_0x173ad70 .cmp/gt 17, L_0x173ac00, C4<00000000000000001>;
L_0x173aeb0 .functor MUXZ 16, v0x17387a0_0, v0x17373d0_0, L_0x173ad70, C4<>;
S_0x17384b0 .scope module, "g" "operation_o_bw16_inc2" 3 24, 4 1, S_0x1716560;
 .timescale 0 0;
v0x17385a0_0 .alias "CLK", 0 0, v0x1739790_0;
v0x1738620_0 .alias "IN0", 15 0, v0x1736fb0_0;
v0x17386a0_0 .alias "IN1", 15 0, v0x1739b30_0;
v0x1738720_0 .var "RD", 0 0;
v0x17387a0_0 .var "RES", 15 0;
v0x1738820_0 .var "RF", 0 0;
v0x17388a0_0 .alias "RST", 0 0, v0x1739cb0_0;
v0x1738920_0 .alias "ST", 0 0, v0x1737550_0;
v0x17389f0_0 .var "STold", 0 0;
S_0x1716280 .scope module, "h" "multiplication_func_h" 3 25, 5 1, S_0x1716560;
 .timescale 0 0;
v0x1737db0_0 .alias "CLK", 0 0, v0x1739790_0;
v0x1738010_0 .alias "IN0", 15 0, v0x1736fb0_0;
v0x1738120_0 .alias "IN1", 15 0, v0x1739b30_0;
v0x17381a0_0 .alias "IN2", 15 0, v0x1738dc0_0;
v0x17382b0_0 .alias "RD", 0 0, v0x1739430_0;
v0x1738330_0 .alias "RES", 15 0, v0x1739710_0;
v0x17383b0_0 .alias "RST", 0 0, v0x1739cb0_0;
v0x1738430_0 .net "ST", 0 0, v0x1739850_0; 1 drivers
S_0x1715fa0 .scope module, "summa" "composition_r_goperation_i_bw16_inc2_si1_haddition_func_h_bw_16_icnt2" 5 11, 6 1, S_0x1716280;
 .timescale 0 0;
v0x1736eb0_0 .var "BUF", 15 0;
v0x1736f30_0 .alias "CLK", 0 0, v0x1739790_0;
v0x1737040_0 .var "CNT", 15 0;
v0x17370e0_0 .alias "IN0", 15 0, v0x1736fb0_0;
v0x1737160_0 .alias "IN1", 15 0, v0x1738dc0_0;
v0x17371e0_0 .net "IN2", 15 0, L_0x173aac0; 1 drivers
v0x1737260_0 .var "ITERATIONS", 15 0;
v0x17372e0_0 .var "RD", 0 0;
v0x17373d0_0 .var "RES", 15 0;
v0x1737470_0 .alias "RST", 0 0, v0x1739cb0_0;
v0x17375e0_0 .alias "ST", 0 0, v0x1738430_0;
v0x1737660_0 .var "STold", 0 0;
v0x1737750_0 .net *"_s0", 16 0, L_0x173a7a0; 1 drivers
v0x17377f0_0 .net *"_s3", 0 0, C4<0>; 1 drivers
v0x1737910_0 .net *"_s4", 16 0, C4<00000000000000001>; 1 drivers
v0x17379b0_0 .net *"_s6", 0 0, L_0x173a950; 1 drivers
v0x1737870_0 .net "rd_g", 0 0, v0x1736b60_0; 1 drivers
v0x1737ae0_0 .var "rd_g_old", 0 0;
v0x1737a30_0 .net "rd_h", 0 0, v0x1735550_0; 1 drivers
v0x1737c00_0 .var "rd_h_old", 0 0;
v0x1737b80_0 .net "res_g", 15 0, v0x1736be0_0; 1 drivers
v0x1737d30_0 .net "res_h", 15 0, v0x17355f0_0; 1 drivers
v0x1737c80_0 .var "st_h", 0 0;
v0x1737ec0_0 .var "st_h_f", 0 0;
L_0x173a7a0 .concat [ 16 1 0 0], v0x1737040_0, C4<0>;
L_0x173a950 .cmp/gt 17, L_0x173a7a0, C4<00000000000000001>;
L_0x173aac0 .functor MUXZ 16, v0x1736be0_0, v0x17355f0_0, L_0x173a950, C4<>;
S_0x17368a0 .scope module, "g" "operation_i_bw16_inc2_si1" 6 24, 7 1, S_0x1715fa0;
 .timescale 0 0;
v0x1736990_0 .alias "CLK", 0 0, v0x1739790_0;
v0x1736a10_0 .alias "IN0", 15 0, v0x1738dc0_0;
v0x1736a90_0 .alias "IN1", 15 0, v0x1736fb0_0;
v0x1736b60_0 .var "RD", 0 0;
v0x1736be0_0 .var "RES", 15 0;
v0x1736c60_0 .var "RF", 0 0;
v0x1736ce0_0 .alias "RST", 0 0, v0x1739cb0_0;
v0x1736d60_0 .alias "ST", 0 0, v0x1738430_0;
v0x1736e30_0 .var "STold", 0 0;
S_0x16e3350 .scope module, "h" "addition_func_h" 6 25, 8 1, S_0x1715fa0;
 .timescale 0 0;
v0x1736120_0 .alias "CLK", 0 0, v0x1739790_0;
v0x17361c0_0 .alias "IN0", 15 0, v0x1736fb0_0;
v0x1736240_0 .alias "IN1", 15 0, v0x1738dc0_0;
v0x17362f0_0 .alias "IN2", 15 0, v0x17371e0_0;
v0x17363d0_0 .alias "RD", 0 0, v0x1737a30_0;
v0x1736480_0 .net "RDi", 0 0, v0x1735d10_0; 1 drivers
v0x1736550_0 .alias "RES", 15 0, v0x1737d30_0;
v0x17365d0_0 .net "RESi", 15 0, v0x1735dc0_0; 1 drivers
v0x17366f0_0 .alias "RST", 0 0, v0x1739cb0_0;
v0x17367c0_0 .net "ST", 0 0, v0x1737c80_0; 1 drivers
S_0x17359b0 .scope module, "opi3" "operation_i_bw16_inc3_si2" 8 13, 9 1, S_0x16e3350;
 .timescale 0 0;
v0x1735aa0_0 .alias "CLK", 0 0, v0x1739790_0;
v0x1735b40_0 .alias "IN0", 15 0, v0x1736fb0_0;
v0x1735bc0_0 .alias "IN1", 15 0, v0x1738dc0_0;
v0x1735c60_0 .alias "IN2", 15 0, v0x17371e0_0;
v0x1735d10_0 .var "RD", 0 0;
v0x1735dc0_0 .var "RES", 15 0;
v0x1735e40_0 .var "RF", 0 0;
v0x1735ec0_0 .alias "RST", 0 0, v0x1739cb0_0;
v0x1735fc0_0 .alias "ST", 0 0, v0x17367c0_0;
v0x1736040_0 .var "STold", 0 0;
S_0x16e6ee0 .scope module, "soperation" "operation_s_bw16" 8 14, 10 1, S_0x16e3350;
 .timescale 0 0;
v0x1711c90_0 .alias "CLK", 0 0, v0x1739790_0;
v0x17354b0_0 .alias "IN", 15 0, v0x17365d0_0;
v0x1735550_0 .var "RD", 0 0;
v0x17355f0_0 .var "RES", 15 0;
v0x17356a0_0 .var "RF", 0 0;
v0x1735740_0 .alias "RST", 0 0, v0x1739cb0_0;
v0x1735820_0 .alias "ST", 0 0, v0x1736480_0;
v0x17358c0_0 .var "STold", 0 0;
E_0x16dd770 .event posedge, v0x1711c90_0;
S_0x1716840 .scope module, "operation_i_bw16_inc2_si0" "operation_i_bw16_inc2_si0" 11 1;
 .timescale 0 0;
v0x173a200_0 .net "CLK", 0 0, C4<z>; 0 drivers
v0x173a2c0_0 .net "IN0", 15 0, C4<zzzzzzzzzzzzzzzz>; 0 drivers
v0x173a360_0 .net "IN1", 15 0, C4<zzzzzzzzzzzzzzzz>; 0 drivers
v0x173a400_0 .var "RD", 0 0;
v0x173a480_0 .var "RES", 15 0;
v0x173a520_0 .var "RF", 0 0;
v0x173a5c0_0 .net "RST", 0 0, C4<z>; 0 drivers
v0x173a660_0 .net "ST", 0 0, C4<z>; 0 drivers
v0x173a700_0 .var "STold", 0 0;
E_0x17362c0 .event posedge, v0x173a200_0;
    .scope S_0x17384b0;
T_0 ;
    %wait E_0x16dd770;
    %load/v 8, v0x17388a0_0, 1;
    %mov 9, 0, 2;
    %cmpi/u 8, 1, 3;
    %jmp/0xz  T_0.0, 4;
    %set/v v0x1738720_0, 1, 1;
    %jmp T_0.1;
T_0.0 ;
    %load/v 8, v0x1738820_0, 1;
    %mov 9, 0, 2;
    %cmpi/u 8, 1, 3;
    %jmp/0xz  T_0.2, 4;
    %set/v v0x1738720_0, 1, 1;
T_0.2 ;
    %load/v 8, v0x1738820_0, 1;
    %mov 9, 0, 1;
    %cmpi/u 8, 0, 2;
    %jmp/0xz  T_0.4, 4;
    %set/v v0x17387a0_0, 0, 16;
    %set/v v0x1738820_0, 1, 1;
T_0.4 ;
    %load/v 8, v0x1738920_0, 1;
    %mov 9, 0, 2;
    %cmpi/u 8, 1, 3;
    %mov 8, 4, 1;
    %load/v 9, v0x17389f0_0, 1;
    %mov 10, 0, 1;
    %cmpi/u 9, 0, 2;
    %mov 9, 4, 1;
    %and 8, 9, 1;
    %jmp/0xz  T_0.6, 8;
    %set/v v0x1738720_0, 0, 1;
    %set/v v0x1738820_0, 0, 1;
T_0.6 ;
T_0.1 ;
    %load/v 8, v0x1738920_0, 1;
    %set/v v0x17389f0_0, 8, 1;
    %jmp T_0;
    .thread T_0;
    .scope S_0x17368a0;
T_1 ;
    %wait E_0x16dd770;
    %load/v 8, v0x1736ce0_0, 1;
    %mov 9, 0, 2;
    %cmpi/u 8, 1, 3;
    %jmp/0xz  T_1.0, 4;
    %set/v v0x1736b60_0, 1, 1;
    %set/v v0x1736c60_0, 1, 1;
    %jmp T_1.1;
T_1.0 ;
    %load/v 8, v0x1736c60_0, 1;
    %mov 9, 0, 2;
    %cmpi/u 8, 1, 3;
    %jmp/0xz  T_1.2, 4;
    %set/v v0x1736b60_0, 1, 1;
T_1.2 ;
    %load/v 8, v0x1736c60_0, 1;
    %mov 9, 0, 1;
    %cmpi/u 8, 0, 2;
    %jmp/0xz  T_1.4, 4;
    %load/v 8, v0x1736a90_0, 16;
    %set/v v0x1736be0_0, 8, 16;
    %set/v v0x1736c60_0, 1, 1;
T_1.4 ;
    %load/v 8, v0x1736d60_0, 1;
    %mov 9, 0, 2;
    %cmpi/u 8, 1, 3;
    %mov 8, 4, 1;
    %load/v 9, v0x1736e30_0, 1;
    %mov 10, 0, 1;
    %cmpi/u 9, 0, 2;
    %mov 9, 4, 1;
    %and 8, 9, 1;
    %jmp/0xz  T_1.6, 8;
    %set/v v0x1736b60_0, 0, 1;
    %set/v v0x1736c60_0, 0, 1;
T_1.6 ;
T_1.1 ;
    %load/v 8, v0x1736d60_0, 1;
    %set/v v0x1736e30_0, 8, 1;
    %jmp T_1;
    .thread T_1;
    .scope S_0x17359b0;
T_2 ;
    %wait E_0x16dd770;
    %load/v 8, v0x1735ec0_0, 1;
    %mov 9, 0, 2;
    %cmpi/u 8, 1, 3;
    %jmp/0xz  T_2.0, 4;
    %set/v v0x1735d10_0, 1, 1;
    %set/v v0x1735e40_0, 1, 1;
    %jmp T_2.1;
T_2.0 ;
    %load/v 8, v0x1735e40_0, 1;
    %mov 9, 0, 2;
    %cmpi/u 8, 1, 3;
    %jmp/0xz  T_2.2, 4;
    %set/v v0x1735d10_0, 1, 1;
T_2.2 ;
    %load/v 8, v0x1735e40_0, 1;
    %mov 9, 0, 1;
    %cmpi/u 8, 0, 2;
    %jmp/0xz  T_2.4, 4;
    %load/v 8, v0x1735c60_0, 16;
    %set/v v0x1735dc0_0, 8, 16;
    %set/v v0x1735e40_0, 1, 1;
T_2.4 ;
    %load/v 8, v0x1735fc0_0, 1;
    %mov 9, 0, 2;
    %cmpi/u 8, 1, 3;
    %mov 8, 4, 1;
    %load/v 9, v0x1736040_0, 1;
    %mov 10, 0, 1;
    %cmpi/u 9, 0, 2;
    %mov 9, 4, 1;
    %and 8, 9, 1;
    %jmp/0xz  T_2.6, 8;
    %set/v v0x1735e40_0, 0, 1;
    %set/v v0x1735d10_0, 0, 1;
T_2.6 ;
T_2.1 ;
    %load/v 8, v0x1735fc0_0, 1;
    %set/v v0x1736040_0, 8, 1;
    %jmp T_2;
    .thread T_2;
    .scope S_0x16e6ee0;
T_3 ;
    %wait E_0x16dd770;
    %load/v 8, v0x1735740_0, 1;
    %mov 9, 0, 2;
    %cmpi/u 8, 1, 3;
    %jmp/0xz  T_3.0, 4;
    %set/v v0x1735550_0, 1, 1;
    %set/v v0x17356a0_0, 1, 1;
    %jmp T_3.1;
T_3.0 ;
    %load/v 8, v0x17356a0_0, 1;
    %mov 9, 0, 2;
    %cmpi/u 8, 1, 3;
    %jmp/0xz  T_3.2, 4;
    %set/v v0x1735550_0, 1, 1;
T_3.2 ;
    %load/v 8, v0x17356a0_0, 1;
    %mov 9, 0, 1;
    %cmpi/u 8, 0, 2;
    %jmp/0xz  T_3.4, 4;
    %load/v 8, v0x17354b0_0, 16;
    %mov 24, 0, 16;
    %addi 8, 1, 32;
    %set/v v0x17355f0_0, 8, 16;
    %set/v v0x17356a0_0, 1, 1;
T_3.4 ;
    %load/v 8, v0x1735820_0, 1;
    %mov 9, 0, 2;
    %cmpi/u 8, 1, 3;
    %mov 8, 4, 1;
    %load/v 9, v0x17358c0_0, 1;
    %mov 10, 0, 1;
    %cmpi/u 9, 0, 2;
    %mov 9, 4, 1;
    %and 8, 9, 1;
    %jmp/0xz  T_3.6, 8;
    %set/v v0x17356a0_0, 0, 1;
    %set/v v0x1735550_0, 0, 1;
T_3.6 ;
T_3.1 ;
    %load/v 8, v0x1735820_0, 1;
    %set/v v0x17358c0_0, 8, 1;
    %jmp T_3;
    .thread T_3;
    .scope S_0x1715fa0;
T_4 ;
    %wait E_0x16dd770;
    %load/v 8, v0x1737470_0, 1;
    %mov 9, 0, 2;
    %cmpi/u 8, 1, 3;
    %jmp/0xz  T_4.0, 4;
    %set/v v0x17372e0_0, 1, 1;
    %set/v v0x1737040_0, 0, 16;
    %set/v v0x1737660_0, 0, 1;
    %set/v v0x1737ae0_0, 0, 1;
    %set/v v0x1737c00_0, 0, 1;
    %set/v v0x1737ec0_0, 0, 1;
    %set/v v0x1737c80_0, 0, 1;
    %jmp T_4.1;
T_4.0 ;
    %load/v 8, v0x1737260_0, 16;
    %load/v 24, v0x1737040_0, 16;
    %cmp/u 8, 24, 16;
    %mov 8, 4, 1;
    %load/v 9, v0x1737870_0, 1;
    %mov 10, 0, 2;
    %cmpi/u 9, 1, 3;
    %mov 9, 4, 1;
    %and 8, 9, 1;
    %jmp/0xz  T_4.2, 8;
    %set/v v0x17372e0_0, 1, 1;
    %set/v v0x1737040_0, 0, 16;
    %set/v v0x1737c80_0, 0, 1;
    %set/v v0x1737ec0_0, 0, 1;
    %load/v 8, v0x1737260_0, 16;
    %mov 24, 0, 1;
    %cmpi/u 8, 0, 17;
    %jmp/0xz  T_4.4, 4;
    %load/v 8, v0x1737b80_0, 16;
    %set/v v0x17373d0_0, 8, 16;
    %jmp T_4.5;
T_4.4 ;
    %load/v 8, v0x1736eb0_0, 16;
    %set/v v0x17373d0_0, 8, 16;
T_4.5 ;
T_4.2 ;
    %load/v 8, v0x17372e0_0, 1;
    %mov 9, 0, 1;
    %cmpi/u 8, 0, 2;
    %jmp/0xz  T_4.6, 4;
    %load/v 8, v0x1737ec0_0, 1;
    %mov 9, 0, 1;
    %cmpi/u 8, 0, 2;
    %jmp/0xz  T_4.8, 4;
    %set/v v0x1737c80_0, 0, 1;
T_4.8 ;
    %load/v 8, v0x1737c80_0, 1;
    %mov 9, 0, 2;
    %cmpi/u 8, 1, 3;
    %jmp/0xz  T_4.10, 4;
    %set/v v0x1737ec0_0, 0, 1;
T_4.10 ;
    %load/v 8, v0x1737870_0, 1;
    %mov 9, 0, 2;
    %cmpi/u 8, 1, 3;
    %mov 8, 4, 1;
    %load/v 9, v0x1737ae0_0, 1;
    %mov 10, 0, 1;
    %cmpi/u 9, 0, 2;
    %mov 9, 4, 1;
    %and 8, 9, 1;
    %load/v 9, v0x1737040_0, 16;
    %mov 25, 0, 1;
    %cmpi/u 9, 0, 17;
    %mov 9, 4, 1;
    %and 8, 9, 1;
    %jmp/0xz  T_4.12, 8;
    %load/v 8, v0x1737b80_0, 16;
    %set/v v0x1736eb0_0, 8, 16;
    %set/v v0x1737ec0_0, 1, 1;
    %set/v v0x1737c80_0, 1, 1;
T_4.12 ;
    %load/v 8, v0x1737a30_0, 1;
    %mov 9, 0, 2;
    %cmpi/u 8, 1, 3;
    %mov 8, 4, 1;
    %load/v 9, v0x1737c00_0, 1;
    %mov 10, 0, 1;
    %cmpi/u 9, 0, 2;
    %mov 9, 4, 1;
    %and 8, 9, 1;
    %jmp/0xz  T_4.14, 8;
    %load/v 8, v0x1737d30_0, 16;
    %set/v v0x1736eb0_0, 8, 16;
    %load/v 8, v0x1737040_0, 16;
    %mov 24, 0, 16;
    %addi 8, 1, 32;
    %set/v v0x1737040_0, 8, 16;
    %set/v v0x1737ec0_0, 1, 1;
    %set/v v0x1737c80_0, 1, 1;
T_4.14 ;
T_4.6 ;
    %load/v 8, v0x17375e0_0, 1;
    %mov 9, 0, 2;
    %cmpi/u 8, 1, 3;
    %mov 8, 4, 1;
    %load/v 9, v0x1737660_0, 1;
    %mov 10, 0, 1;
    %cmpi/u 9, 0, 2;
    %mov 9, 4, 1;
    %and 8, 9, 1;
    %jmp/0xz  T_4.16, 8;
    %set/v v0x17372e0_0, 0, 1;
    %load/v 8, v0x1737160_0, 16;
    %mov 24, 0, 1;
    %cmp/u 0, 8, 17;
    %jmp/0xz  T_4.18, 5;
    %load/v 8, v0x1737160_0, 16;
    %mov 24, 0, 16;
    %addi 8, 1, 32;
    %set/v v0x1737260_0, 8, 16;
    %jmp T_4.19;
T_4.18 ;
    %set/v v0x1737260_0, 0, 16;
T_4.19 ;
T_4.16 ;
T_4.1 ;
    %load/v 8, v0x17375e0_0, 1;
    %mov 9, 0, 2;
    %cmpi/u 8, 1, 3;
    %jmp/0xz  T_4.20, 4;
    %set/v v0x1737660_0, 1, 1;
    %jmp T_4.21;
T_4.20 ;
    %set/v v0x1737660_0, 0, 1;
T_4.21 ;
    %load/v 8, v0x1737870_0, 1;
    %set/v v0x1737ae0_0, 8, 1;
    %load/v 8, v0x1737a30_0, 1;
    %set/v v0x1737c00_0, 8, 1;
    %jmp T_4;
    .thread T_4;
    .scope S_0x1716560;
T_5 ;
    %wait E_0x16dd770;
    %load/v 8, v0x1739030_0, 1;
    %mov 9, 0, 2;
    %cmpi/u 8, 1, 3;
    %jmp/0xz  T_5.0, 4;
    %set/v v0x1738ec0_0, 1, 1;
    %set/v v0x1738bd0_0, 0, 16;
    %set/v v0x1739130_0, 0, 1;
    %set/v v0x17394c0_0, 0, 1;
    %set/v v0x17395e0_0, 0, 1;
    %set/v v0x17398d0_0, 0, 1;
    %set/v v0x1739850_0, 0, 1;
    %jmp T_5.1;
T_5.0 ;
    %load/v 8, v0x1738e40_0, 16;
    %load/v 24, v0x1738bd0_0, 16;
    %cmp/u 8, 24, 16;
    %mov 8, 4, 1;
    %load/v 9, v0x17392b0_0, 1;
    %mov 10, 0, 2;
    %cmpi/u 9, 1, 3;
    %mov 9, 4, 1;
    %and 8, 9, 1;
    %jmp/0xz  T_5.2, 8;
    %set/v v0x1738ec0_0, 1, 1;
    %set/v v0x1738bd0_0, 0, 16;
    %set/v v0x1739850_0, 0, 1;
    %set/v v0x17398d0_0, 0, 1;
    %load/v 8, v0x1738e40_0, 16;
    %mov 24, 0, 1;
    %cmpi/u 8, 0, 17;
    %jmp/0xz  T_5.4, 4;
    %load/v 8, v0x1739560_0, 16;
    %set/v v0x1738fb0_0, 8, 16;
    %jmp T_5.5;
T_5.4 ;
    %load/v 8, v0x1738a90_0, 16;
    %set/v v0x1738fb0_0, 8, 16;
T_5.5 ;
T_5.2 ;
    %load/v 8, v0x1738ec0_0, 1;
    %mov 9, 0, 1;
    %cmpi/u 8, 0, 2;
    %jmp/0xz  T_5.6, 4;
    %load/v 8, v0x17398d0_0, 1;
    %mov 9, 0, 1;
    %cmpi/u 8, 0, 2;
    %jmp/0xz  T_5.8, 4;
    %set/v v0x1739850_0, 0, 1;
T_5.8 ;
    %load/v 8, v0x1739850_0, 1;
    %mov 9, 0, 2;
    %cmpi/u 8, 1, 3;
    %jmp/0xz  T_5.10, 4;
    %set/v v0x17398d0_0, 0, 1;
T_5.10 ;
    %load/v 8, v0x17392b0_0, 1;
    %mov 9, 0, 2;
    %cmpi/u 8, 1, 3;
    %mov 8, 4, 1;
    %load/v 9, v0x17394c0_0, 1;
    %mov 10, 0, 1;
    %cmpi/u 9, 0, 2;
    %mov 9, 4, 1;
    %and 8, 9, 1;
    %load/v 9, v0x1738bd0_0, 16;
    %mov 25, 0, 1;
    %cmpi/u 9, 0, 17;
    %mov 9, 4, 1;
    %and 8, 9, 1;
    %jmp/0xz  T_5.12, 8;
    %load/v 8, v0x1739560_0, 16;
    %set/v v0x1738a90_0, 8, 16;
    %set/v v0x17398d0_0, 1, 1;
    %set/v v0x1739850_0, 1, 1;
T_5.12 ;
    %load/v 8, v0x1739430_0, 1;
    %mov 9, 0, 2;
    %cmpi/u 8, 1, 3;
    %mov 8, 4, 1;
    %load/v 9, v0x17395e0_0, 1;
    %mov 10, 0, 1;
    %cmpi/u 9, 0, 2;
    %mov 9, 4, 1;
    %and 8, 9, 1;
    %jmp/0xz  T_5.14, 8;
    %load/v 8, v0x1739710_0, 16;
    %set/v v0x1738a90_0, 8, 16;
    %load/v 8, v0x1738bd0_0, 16;
    %mov 24, 0, 16;
    %addi 8, 1, 32;
    %set/v v0x1738bd0_0, 8, 16;
    %set/v v0x17398d0_0, 1, 1;
    %set/v v0x1739850_0, 1, 1;
T_5.14 ;
T_5.6 ;
    %load/v 8, v0x17390b0_0, 1;
    %mov 9, 0, 2;
    %cmpi/u 8, 1, 3;
    %mov 8, 4, 1;
    %load/v 9, v0x1739130_0, 1;
    %mov 10, 0, 1;
    %cmpi/u 9, 0, 2;
    %mov 9, 4, 1;
    %and 8, 9, 1;
    %jmp/0xz  T_5.16, 8;
    %set/v v0x1738ec0_0, 0, 1;
    %load/v 8, v0x1738cf0_0, 16;
    %mov 24, 0, 1;
    %cmp/u 0, 8, 17;
    %jmp/0xz  T_5.18, 5;
    %load/v 8, v0x1738cf0_0, 16;
    %mov 24, 0, 16;
    %addi 8, 1, 32;
    %set/v v0x1738e40_0, 8, 16;
    %jmp T_5.19;
T_5.18 ;
    %set/v v0x1738e40_0, 0, 16;
T_5.19 ;
T_5.16 ;
T_5.1 ;
    %load/v 8, v0x17390b0_0, 1;
    %mov 9, 0, 2;
    %cmpi/u 8, 1, 3;
    %jmp/0xz  T_5.20, 4;
    %set/v v0x1739130_0, 1, 1;
    %jmp T_5.21;
T_5.20 ;
    %set/v v0x1739130_0, 0, 1;
T_5.21 ;
    %load/v 8, v0x17392b0_0, 1;
    %set/v v0x17394c0_0, 8, 1;
    %load/v 8, v0x1739430_0, 1;
    %set/v v0x17395e0_0, 8, 1;
    %jmp T_5;
    .thread T_5;
    .scope S_0x1715960;
T_6 ;
    %vpi_call 2 25 "$dumpfile", "addition_tb.vcd";
    %vpi_call 2 26 "$dumpvars";
    %set/v v0x1739e90_0, 0, 1;
    %set/v v0x173a080_0, 1, 1;
    %set/v v0x173a120_0, 0, 1;
    %movi 8, 4, 16;
    %set/v v0x1739f60_0, 8, 16;
    %movi 8, 5, 16;
    %set/v v0x1739fe0_0, 8, 16;
    %delay 15, 0;
    %set/v v0x173a080_0, 0, 1;
    %delay 10, 0;
    %set/v v0x173a120_0, 1, 1;
    %delay 10, 0;
    %set/v v0x173a120_0, 0, 1;
    %delay 4000, 0;
    %vpi_call 2 35 "$finish";
    %end;
    .thread T_6;
    .scope S_0x1715960;
T_7 ;
    %delay 5, 0;
    %load/v 8, v0x1739e90_0, 1;
    %inv 8, 1;
    %set/v v0x1739e90_0, 8, 1;
    %jmp T_7;
    .thread T_7;
    .scope S_0x1716840;
T_8 ;
    %wait E_0x17362c0;
    %load/v 8, v0x173a5c0_0, 1;
    %mov 9, 0, 2;
    %cmpi/u 8, 1, 3;
    %jmp/0xz  T_8.0, 4;
    %set/v v0x173a400_0, 1, 1;
    %jmp T_8.1;
T_8.0 ;
    %load/v 8, v0x173a520_0, 1;
    %mov 9, 0, 2;
    %cmpi/u 8, 1, 3;
    %jmp/0xz  T_8.2, 4;
    %set/v v0x173a400_0, 1, 1;
T_8.2 ;
    %load/v 8, v0x173a520_0, 1;
    %mov 9, 0, 1;
    %cmpi/u 8, 0, 2;
    %jmp/0xz  T_8.4, 4;
    %load/v 8, v0x173a2c0_0, 16;
    %set/v v0x173a480_0, 8, 16;
    %set/v v0x173a520_0, 1, 1;
T_8.4 ;
    %load/v 8, v0x173a660_0, 1;
    %mov 9, 0, 2;
    %cmpi/u 8, 1, 3;
    %mov 8, 4, 1;
    %load/v 9, v0x173a700_0, 1;
    %mov 10, 0, 1;
    %cmpi/u 9, 0, 2;
    %mov 9, 4, 1;
    %and 8, 9, 1;
    %jmp/0xz  T_8.6, 8;
    %set/v v0x173a400_0, 0, 1;
    %set/v v0x173a520_0, 0, 1;
T_8.6 ;
T_8.1 ;
    %load/v 8, v0x173a660_0, 1;
    %mov 9, 0, 2;
    %cmpi/u 8, 1, 3;
    %jmp/0xz  T_8.8, 4;
    %set/v v0x173a700_0, 1, 1;
    %jmp T_8.9;
T_8.8 ;
    %set/v v0x173a700_0, 0, 1;
T_8.9 ;
    %jmp T_8;
    .thread T_8;
# The file index is used to find the file name in the following table.
:file_names 12;
    "N/A";
    "<interactive>";
    "multiplication_tb.v";
    "composition_r_goperation_o_bw16_inc2_hmultiplication_func_h_bw_16_icnt2.v";
    "operation_o_bw16_inc2.v";
    "multiplication_func_h.v";
    "composition_r_goperation_i_bw16_inc2_si1_haddition_func_h_bw_16_icnt2.v";
    "operation_i_bw16_inc2_si1.v";
    "addition_func_h.v";
    "operation_i_bw16_inc3_si2.v";
    "operation_s_bw16.v";
    "operation_i_bw16_inc2_si0.v";
